<?xml version="1.0" encoding="UTF-8"?>
<testsuite name="CharacterManagerTests" tests="3" skipped="0" failures="0" errors="0" timestamp="2024-06-19T20:27:44" hostname="Adams-MBP" time="0.013">
  <properties/>
  <testcase name="testAddCharacter()" classname="CharacterManagerTests" time="0.011"/>
  <testcase name="testUpdateCharacter()" classname="CharacterManagerTests" time="0.0"/>
  <testcase name="testRemoveCharacter()" classname="CharacterManagerTests" time="0.0"/>
  <system-out><![CDATA[]]></system-out>
  <system-err><![CDATA[]]></system-err>
</testsuite>
